<?xml version="1.0" encoding="UTF-8"?>
<!-- Generated by org.testng.reporters.JUnitXMLReporter -->
<testsuite hostname="w7mrangnathan" name="Default test" tests="6" failures="0" timestamp="9 Dec 2014 05:35:49 GMT" time="0.041" errors="0">
  <testcase name="@BeforeTest launchapp" time="0.0" classname="com.obj.TestScript.TestScript">
    <failure type="org.testng.TestNGException" message="
Parameter &amp;apos;browser&amp;apos; is required by @Configuration on method launchapp but has not been marked @Optional or defined
in C:\Users\mranganathan\AppData\Local\Temp\testng-eclipse-1079617992\testng-customsuite.xml">
      <![CDATA[org.testng.TestNGException: 
Parameter 'browser' is required by @Configuration on method launchapp but has not been marked @Optional or defined
in C:\Users\mranganathan\AppData\Local\Temp\testng-eclipse-1079617992\testng-customsuite.xml
	at org.testng.internal.Parameters.createParameters(Parameters.java:155)
	at org.testng.internal.Parameters.createParameters(Parameters.java:358)
	at org.testng.internal.Parameters.createConfigurationParameters(Parameters.java:86)
	at org.testng.internal.Invoker.invokeConfigurations(Invoker.java:199)
	at org.testng.internal.Invoker.invokeConfigurations(Invoker.java:138)
	at org.testng.TestRunner.beforeRun(TestRunner.java:641)
	at org.testng.TestRunner.run(TestRunner.java:609)
	at org.testng.SuiteRunner.runTest(SuiteRunner.java:334)
	at org.testng.SuiteRunner.runSequentially(SuiteRunner.java:329)
	at org.testng.SuiteRunner.privateRun(SuiteRunner.java:291)
	at org.testng.SuiteRunner.run(SuiteRunner.java:240)
	at org.testng.SuiteRunnerWorker.runSuite(SuiteRunnerWorker.java:52)
	at org.testng.SuiteRunnerWorker.run(SuiteRunnerWorker.java:86)
	at org.testng.TestNG.runSuitesSequentially(TestNG.java:1224)
	at org.testng.TestNG.runSuitesLocally(TestNG.java:1149)
	at org.testng.TestNG.run(TestNG.java:1057)
	at org.testng.remote.RemoteTestNG.run(RemoteTestNG.java:111)
	at org.testng.remote.RemoteTestNG.initAndRun(RemoteTestNG.java:204)
	at org.testng.remote.RemoteTestNG.main(RemoteTestNG.java:175)
]]>
    </failure>
  </testcase> <!-- @BeforeTest launchapp -->
  <testcase name="loginlink" time="0.003" classname="com.obj.TestScript.TestScript">
    <skipped/>
  </testcase> <!-- loginlink -->
  <testcase name="LoginInput" time="0.001" classname="com.obj.TestScript.TestScript">
    <skipped/>
  </testcase> <!-- LoginInput -->
  <testcase name="PasswordInput" time="0.001" classname="com.obj.TestScript.TestScript">
    <skipped/>
  </testcase> <!-- PasswordInput -->
  <testcase name="Loginclick" time="0.001" classname="com.obj.TestScript.TestScript">
    <skipped/>
  </testcase> <!-- Loginclick -->
  <testcase name="Elipse" time="0.001" classname="com.obj.TestScript.TestScript">
    <skipped/>
  </testcase> <!-- Elipse -->
  <testcase name="LoggingOut" time="0.0" classname="com.obj.TestScript.TestScript">
    <skipped/>
  </testcase> <!-- LoggingOut -->
</testsuite> <!-- Default test -->
